cost: 0.02
cost: 0.08
cost: 0.26
cost: 0.35
cost: 0.49
cost: 0.02
cost: 0.08
cost: 0.26
cost: 0.36
cost: 0.02
cost: 0.08
cost: 0.26
cost: 0.45
cost: 0.02
cost: 0.08
cost: 0.26
cost: 0.35
cost: 0.50
cost: 0.02
cost: 0.08
cost: 0.16
cost: 0.36
cost: 0.48
cost: 0.45
cost: 0.02
cost: 0.07
cost: 0.17
cost: 0.18
cost: 0.26
cost: 0.47
cost: 0.50
cost: 0.02
cost: 0.07
cost: 0.17
cost: 0.26
cost: 0.35
cost: 0.46
cost: 0.44
cost: 0.07
cost: 0.17
cost: 0.17
cost: 0.26
cost: 0.36
cost: 0.02
cost: 0.07
cost: 0.16
cost: 0.26
cost: 0.36
cost: 0.36
cost: 0.02
cost: 0.16
cost: 0.16
cost: 0.26
cost: 0.36
/gpfs/commons/home/aelhussein/anaconda3/envs/torch_env/lib/python3.10/site-packages/ot/bregman.py:1112: UserWarning: Sinkhorn did not converge. You might want to increase the number of iterations `numItermax` or the regularization parameter `reg`.
  warnings.warn("Sinkhorn did not converge. You might want to "
/gpfs/commons/home/aelhussein/anaconda3/envs/torch_env/lib/python3.10/site-packages/ot/bregman.py:1112: UserWarning: Sinkhorn did not converge. You might want to increase the number of iterations `numItermax` or the regularization parameter `reg`.
  warnings.warn("Sinkhorn did not converge. You might want to "
/gpfs/commons/home/aelhussein/anaconda3/envs/torch_env/lib/python3.10/site-packages/ot/bregman.py:1112: UserWarning: Sinkhorn did not converge. You might want to increase the number of iterations `numItermax` or the regularization parameter `reg`.
  warnings.warn("Sinkhorn did not converge. You might want to "
/gpfs/commons/home/aelhussein/anaconda3/envs/torch_env/lib/python3.10/site-packages/ot/bregman.py:1112: UserWarning: Sinkhorn did not converge. You might want to increase the number of iterations `numItermax` or the regularization parameter `reg`.
  warnings.warn("Sinkhorn did not converge. You might want to "
/gpfs/commons/home/aelhussein/anaconda3/envs/torch_env/lib/python3.10/site-packages/ot/bregman.py:1112: UserWarning: Sinkhorn did not converge. You might want to increase the number of iterations `numItermax` or the regularization parameter `reg`.
  warnings.warn("Sinkhorn did not converge. You might want to "
/gpfs/commons/home/aelhussein/anaconda3/envs/torch_env/lib/python3.10/site-packages/ot/bregman.py:1112: UserWarning: Sinkhorn did not converge. You might want to increase the number of iterations `numItermax` or the regularization parameter `reg`.
  warnings.warn("Sinkhorn did not converge. You might want to "
/gpfs/commons/home/aelhussein/anaconda3/envs/torch_env/lib/python3.10/site-packages/ot/bregman.py:1112: UserWarning: Sinkhorn did not converge. You might want to increase the number of iterations `numItermax` or the regularization parameter `reg`.
  warnings.warn("Sinkhorn did not converge. You might want to "
/gpfs/commons/home/aelhussein/anaconda3/envs/torch_env/lib/python3.10/site-packages/ot/bregman.py:1112: UserWarning: Sinkhorn did not converge. You might want to increase the number of iterations `numItermax` or the regularization parameter `reg`.
  warnings.warn("Sinkhorn did not converge. You might want to "
/gpfs/commons/home/aelhussein/anaconda3/envs/torch_env/lib/python3.10/site-packages/ot/bregman.py:1112: UserWarning: Sinkhorn did not converge. You might want to increase the number of iterations `numItermax` or the regularization parameter `reg`.
  warnings.warn("Sinkhorn did not converge. You might want to "
cost: 0.09
cost: 0.17
cost: 0.09
cost: 0.30
cost: 0.51
cost: 0.10
cost: 0.28
cost: 0.36
cost: 0.36
cost: 0.51
cost: 0.09
cost: 0.33
cost: 0.45
cost: 0.09
cost: 0.19
cost: 0.40
cost: 0.20
cost: 0.29
cost: 0.38
cost: 0.45
cost: 0.52
cost: 0.10
cost: 0.18
cost: 0.38
cost: 0.10
cost: 0.27
cost: 0.38
cost: 0.28
cost: 0.09
cost: 0.23
cost: 0.30
cost: 0.35
cost: 0.09
cost: 0.26
cost: 0.30
cost: 0.35
cost: 0.03
cost: 0.03
cost: 0.06
cost: 0.08
cost: 0.03
cost: 0.05
cost: 0.05
Degenerate vector, reducing dimension
Degenerate vector, reducing dimension
Degenerate vector, reducing dimension
Degenerate vector, reducing dimension
Degenerate vector, reducing dimension
Degenerate vector, reducing dimension
Degenerate vector, reducing dimension
Degenerate vector, reducing dimension
Degenerate vector, reducing dimension
Degenerate vector, reducing dimension
Degenerate vector, reducing dimension
Degenerate vector, reducing dimension
Degenerate vector, reducing dimension
Degenerate vector, reducing dimension
Degenerate vector, reducing dimension
Degenerate vector, reducing dimension
Degenerate vector, reducing dimension
Degenerate vector, reducing dimension
Degenerate vector, reducing dimension
Degenerate vector, reducing dimension
cost: 0.07
cost: 0.03
cost: 0.04
cost: 0.05
cost: 0.06
Degenerate vector, reducing dimension
Degenerate vector, reducing dimension
Degenerate vector, reducing dimension
Degenerate vector, reducing dimension
Degenerate vector, reducing dimension
Degenerate vector, reducing dimension
Degenerate vector, reducing dimension
Degenerate vector, reducing dimension
Degenerate vector, reducing dimension
Degenerate vector, reducing dimension
Degenerate vector, reducing dimension
Degenerate vector, reducing dimension
Degenerate vector, reducing dimension
Degenerate vector, reducing dimension
Degenerate vector, reducing dimension
Degenerate vector, reducing dimension
Degenerate vector, reducing dimension
Degenerate vector, reducing dimension
Degenerate vector, reducing dimension
Degenerate vector, reducing dimension
Degenerate vector, reducing dimension
Degenerate vector, reducing dimension
Degenerate vector, reducing dimension
Degenerate vector, reducing dimension
Degenerate vector, reducing dimension
Degenerate vector, reducing dimension
Degenerate vector, reducing dimension
Degenerate vector, reducing dimension
Degenerate vector, reducing dimension
Degenerate vector, reducing dimension
Degenerate vector, reducing dimension
Degenerate vector, reducing dimension
Degenerate vector, reducing dimension
Degenerate vector, reducing dimension
Degenerate vector, reducing dimension
Degenerate vector, reducing dimension
Degenerate vector, reducing dimension
Degenerate vector, reducing dimension
Degenerate vector, reducing dimension
Degenerate vector, reducing dimension
Degenerate vector, reducing dimension
Degenerate vector, reducing dimension
Degenerate vector, reducing dimension
Degenerate vector, reducing dimension
Degenerate vector, reducing dimension
Degenerate vector, reducing dimension
Degenerate vector, reducing dimension
Degenerate vector, reducing dimension
Degenerate vector, reducing dimension
Degenerate vector, reducing dimension
Degenerate vector, reducing dimension
Degenerate vector, reducing dimension
Degenerate vector, reducing dimension
Degenerate vector, reducing dimension
Degenerate vector, reducing dimension
Degenerate vector, reducing dimension
Degenerate vector, reducing dimension
Degenerate vector, reducing dimension
Degenerate vector, reducing dimension
Degenerate vector, reducing dimension
Degenerate vector, reducing dimension
Degenerate vector, reducing dimension
Degenerate vector, reducing dimension
Degenerate vector, reducing dimension
Degenerate vector, reducing dimension
Degenerate vector, reducing dimension
Degenerate vector, reducing dimension
Degenerate vector, reducing dimension
Degenerate vector, reducing dimension
Degenerate vector, reducing dimension
Degenerate vector, reducing dimension
Degenerate vector, reducing dimension
cost: 0.10
cost: 0.04
cost: 0.04
cost: 0.07
Degenerate vector, reducing dimension
Degenerate vector, reducing dimension
Degenerate vector, reducing dimension
Degenerate vector, reducing dimension
Degenerate vector, reducing dimension
Degenerate vector, reducing dimension
Degenerate vector, reducing dimension
Degenerate vector, reducing dimension
Degenerate vector, reducing dimension
Degenerate vector, reducing dimension
Degenerate vector, reducing dimension
Degenerate vector, reducing dimension
Degenerate vector, reducing dimension
Degenerate vector, reducing dimension
Degenerate vector, reducing dimension
Degenerate vector, reducing dimension
Degenerate vector, reducing dimension
Degenerate vector, reducing dimension
Degenerate vector, reducing dimension
Degenerate vector, reducing dimension
Degenerate vector, reducing dimension
Degenerate vector, reducing dimension
Degenerate vector, reducing dimension
Degenerate vector, reducing dimension
Degenerate vector, reducing dimension
Degenerate vector, reducing dimension
Degenerate vector, reducing dimension
Degenerate vector, reducing dimension
cost: 0.08
cost: 0.04
cost: 0.03
cost: 0.05
cost: 0.06
Degenerate vector, reducing dimension
Degenerate vector, reducing dimension
Degenerate vector, reducing dimension
Degenerate vector, reducing dimension
Degenerate vector, reducing dimension
Degenerate vector, reducing dimension
Degenerate vector, reducing dimension
Degenerate vector, reducing dimension
Degenerate vector, reducing dimension
Degenerate vector, reducing dimension
Degenerate vector, reducing dimension
Degenerate vector, reducing dimension
Degenerate vector, reducing dimension
Degenerate vector, reducing dimension
Degenerate vector, reducing dimension
Degenerate vector, reducing dimension
Degenerate vector, reducing dimension
Degenerate vector, reducing dimension
Degenerate vector, reducing dimension
Degenerate vector, reducing dimension
Degenerate vector, reducing dimension
Degenerate vector, reducing dimension
Degenerate vector, reducing dimension
Degenerate vector, reducing dimension
Degenerate vector, reducing dimension
Degenerate vector, reducing dimension
Degenerate vector, reducing dimension
Degenerate vector, reducing dimension
Degenerate vector, reducing dimension
Degenerate vector, reducing dimension
Degenerate vector, reducing dimension
Degenerate vector, reducing dimension
Degenerate vector, reducing dimension
Degenerate vector, reducing dimension
Degenerate vector, reducing dimension
Degenerate vector, reducing dimension
Degenerate vector, reducing dimension
Degenerate vector, reducing dimension
Degenerate vector, reducing dimension
Degenerate vector, reducing dimension
Degenerate vector, reducing dimension
Degenerate vector, reducing dimension
Degenerate vector, reducing dimension
Degenerate vector, reducing dimension
Degenerate vector, reducing dimension
Degenerate vector, reducing dimension
Degenerate vector, reducing dimension
Degenerate vector, reducing dimension
Degenerate vector, reducing dimension
Degenerate vector, reducing dimension
Degenerate vector, reducing dimension
Degenerate vector, reducing dimension
Degenerate vector, reducing dimension
Degenerate vector, reducing dimension
Degenerate vector, reducing dimension
Degenerate vector, reducing dimension
Degenerate vector, reducing dimension
Degenerate vector, reducing dimension
Degenerate vector, reducing dimension
Degenerate vector, reducing dimension
Degenerate vector, reducing dimension
Degenerate vector, reducing dimension
Degenerate vector, reducing dimension
Degenerate vector, reducing dimension
Degenerate vector, reducing dimension
Degenerate vector, reducing dimension
Degenerate vector, reducing dimension
Degenerate vector, reducing dimension
Degenerate vector, reducing dimension
Degenerate vector, reducing dimension
Degenerate vector, reducing dimension
Degenerate vector, reducing dimension
cost: 0.10
cost: 0.04
cost: 0.05
cost: 0.05
cost: 0.06
Degenerate vector, reducing dimension
Degenerate vector, reducing dimension
Degenerate vector, reducing dimension
Degenerate vector, reducing dimension
Degenerate vector, reducing dimension
Degenerate vector, reducing dimension
Degenerate vector, reducing dimension
Degenerate vector, reducing dimension
Degenerate vector, reducing dimension
Degenerate vector, reducing dimension
Degenerate vector, reducing dimension
Degenerate vector, reducing dimension
Degenerate vector, reducing dimension
Degenerate vector, reducing dimension
Degenerate vector, reducing dimension
Degenerate vector, reducing dimension
Degenerate vector, reducing dimension
Degenerate vector, reducing dimension
Degenerate vector, reducing dimension
Degenerate vector, reducing dimension
Degenerate vector, reducing dimension
Degenerate vector, reducing dimension
Degenerate vector, reducing dimension
Degenerate vector, reducing dimension
Degenerate vector, reducing dimension
Degenerate vector, reducing dimension
Degenerate vector, reducing dimension
Degenerate vector, reducing dimension
Degenerate vector, reducing dimension
Degenerate vector, reducing dimension
Degenerate vector, reducing dimension
Degenerate vector, reducing dimension
Degenerate vector, reducing dimension
Degenerate vector, reducing dimension
Degenerate vector, reducing dimension
Degenerate vector, reducing dimension
Degenerate vector, reducing dimension
Degenerate vector, reducing dimension
Degenerate vector, reducing dimension
Degenerate vector, reducing dimension
Degenerate vector, reducing dimension
Degenerate vector, reducing dimension
Degenerate vector, reducing dimension
Degenerate vector, reducing dimension
Degenerate vector, reducing dimension
Degenerate vector, reducing dimension
Degenerate vector, reducing dimension
Degenerate vector, reducing dimension
Degenerate vector, reducing dimension
Degenerate vector, reducing dimension
Degenerate vector, reducing dimension
Degenerate vector, reducing dimension
Degenerate vector, reducing dimension
Degenerate vector, reducing dimension
Degenerate vector, reducing dimension
Degenerate vector, reducing dimension
Degenerate vector, reducing dimension
Degenerate vector, reducing dimension
Degenerate vector, reducing dimension
Degenerate vector, reducing dimension
Degenerate vector, reducing dimension
Degenerate vector, reducing dimension
Degenerate vector, reducing dimension
Degenerate vector, reducing dimension
Degenerate vector, reducing dimension
Degenerate vector, reducing dimension
Degenerate vector, reducing dimension
Degenerate vector, reducing dimension
Degenerate vector, reducing dimension
Degenerate vector, reducing dimension
Degenerate vector, reducing dimension
Degenerate vector, reducing dimension
cost: 0.07
cost: 0.05
cost: 0.06
Degenerate vector, reducing dimension
Degenerate vector, reducing dimension
Degenerate vector, reducing dimension
Degenerate vector, reducing dimension
Degenerate vector, reducing dimension
Degenerate vector, reducing dimension
Degenerate vector, reducing dimension
Degenerate vector, reducing dimension
Degenerate vector, reducing dimension
Degenerate vector, reducing dimension
Degenerate vector, reducing dimension
Degenerate vector, reducing dimension
cost: 0.08
Degenerate vector, reducing dimension
Degenerate vector, reducing dimension
Degenerate vector, reducing dimension
Degenerate vector, reducing dimension
Degenerate vector, reducing dimension
Degenerate vector, reducing dimension
Degenerate vector, reducing dimension
Degenerate vector, reducing dimension
Degenerate vector, reducing dimension
Degenerate vector, reducing dimension
Degenerate vector, reducing dimension
Degenerate vector, reducing dimension
Degenerate vector, reducing dimension
Degenerate vector, reducing dimension
Degenerate vector, reducing dimension
Degenerate vector, reducing dimension
Degenerate vector, reducing dimension
Degenerate vector, reducing dimension
Degenerate vector, reducing dimension
Degenerate vector, reducing dimension
Degenerate vector, reducing dimension
Degenerate vector, reducing dimension
Degenerate vector, reducing dimension
Degenerate vector, reducing dimension
Degenerate vector, reducing dimension
Degenerate vector, reducing dimension
Degenerate vector, reducing dimension
Degenerate vector, reducing dimension
Degenerate vector, reducing dimension
Degenerate vector, reducing dimension
Degenerate vector, reducing dimension
Degenerate vector, reducing dimension
Degenerate vector, reducing dimension
Degenerate vector, reducing dimension
Degenerate vector, reducing dimension
Degenerate vector, reducing dimension
Degenerate vector, reducing dimension
Degenerate vector, reducing dimension
Degenerate vector, reducing dimension
Degenerate vector, reducing dimension
Degenerate vector, reducing dimension
Degenerate vector, reducing dimension
Degenerate vector, reducing dimension
Degenerate vector, reducing dimension
Degenerate vector, reducing dimension
Degenerate vector, reducing dimension
Degenerate vector, reducing dimension
Degenerate vector, reducing dimension
Degenerate vector, reducing dimension
Degenerate vector, reducing dimension
Degenerate vector, reducing dimension
Degenerate vector, reducing dimension
Degenerate vector, reducing dimension
Degenerate vector, reducing dimension
Degenerate vector, reducing dimension
Degenerate vector, reducing dimension
Degenerate vector, reducing dimension
Degenerate vector, reducing dimension
Degenerate vector, reducing dimension
Degenerate vector, reducing dimension
Degenerate vector, reducing dimension
Degenerate vector, reducing dimension
Degenerate vector, reducing dimension
Degenerate vector, reducing dimension
Degenerate vector, reducing dimension
Degenerate vector, reducing dimension
Degenerate vector, reducing dimension
Degenerate vector, reducing dimension
Degenerate vector, reducing dimension
Degenerate vector, reducing dimension
Degenerate vector, reducing dimension
Degenerate vector, reducing dimension
Degenerate vector, reducing dimension
Degenerate vector, reducing dimension
Degenerate vector, reducing dimension
Degenerate vector, reducing dimension
Degenerate vector, reducing dimension
Degenerate vector, reducing dimension
Degenerate vector, reducing dimension
Degenerate vector, reducing dimension
Degenerate vector, reducing dimension
Degenerate vector, reducing dimension
Degenerate vector, reducing dimension
Degenerate vector, reducing dimension
Degenerate vector, reducing dimension
Degenerate vector, reducing dimension
Degenerate vector, reducing dimension
Degenerate vector, reducing dimension
Degenerate vector, reducing dimension
Degenerate vector, reducing dimension
Degenerate vector, reducing dimension
Degenerate vector, reducing dimension
Degenerate vector, reducing dimension
cost: 0.06
cost: 0.03
cost: 0.04
cost: 0.05
cost: 0.08
Degenerate vector, reducing dimension
Degenerate vector, reducing dimension
Degenerate vector, reducing dimension
Degenerate vector, reducing dimension
Degenerate vector, reducing dimension
Degenerate vector, reducing dimension
Degenerate vector, reducing dimension
Degenerate vector, reducing dimension
Degenerate vector, reducing dimension
Degenerate vector, reducing dimension
Degenerate vector, reducing dimension
Degenerate vector, reducing dimension
Degenerate vector, reducing dimension
Degenerate vector, reducing dimension
Degenerate vector, reducing dimension
Degenerate vector, reducing dimension
Degenerate vector, reducing dimension
Degenerate vector, reducing dimension
Degenerate vector, reducing dimension
Degenerate vector, reducing dimension
Degenerate vector, reducing dimension
Degenerate vector, reducing dimension
Degenerate vector, reducing dimension
Degenerate vector, reducing dimension
Degenerate vector, reducing dimension
Degenerate vector, reducing dimension
Degenerate vector, reducing dimension
Degenerate vector, reducing dimension
Degenerate vector, reducing dimension
Degenerate vector, reducing dimension
Degenerate vector, reducing dimension
Degenerate vector, reducing dimension
Degenerate vector, reducing dimension
Degenerate vector, reducing dimension
Degenerate vector, reducing dimension
Degenerate vector, reducing dimension
Degenerate vector, reducing dimension
Degenerate vector, reducing dimension
Degenerate vector, reducing dimension
Degenerate vector, reducing dimension
Degenerate vector, reducing dimension
Degenerate vector, reducing dimension
Degenerate vector, reducing dimension
Degenerate vector, reducing dimension
Degenerate vector, reducing dimension
Degenerate vector, reducing dimension
Degenerate vector, reducing dimension
Degenerate vector, reducing dimension
Degenerate vector, reducing dimension
Degenerate vector, reducing dimension
Degenerate vector, reducing dimension
Degenerate vector, reducing dimension
Degenerate vector, reducing dimension
Degenerate vector, reducing dimension
Degenerate vector, reducing dimension
Degenerate vector, reducing dimension
Degenerate vector, reducing dimension
Degenerate vector, reducing dimension
Degenerate vector, reducing dimension
Degenerate vector, reducing dimension
Degenerate vector, reducing dimension
Degenerate vector, reducing dimension
Degenerate vector, reducing dimension
Degenerate vector, reducing dimension
Degenerate vector, reducing dimension
Degenerate vector, reducing dimension
Degenerate vector, reducing dimension
Degenerate vector, reducing dimension
Degenerate vector, reducing dimension
Degenerate vector, reducing dimension
Degenerate vector, reducing dimension
Degenerate vector, reducing dimension
cost: 0.11
cost: 0.04
cost: 0.03
cost: 0.05
cost: 0.08
Degenerate vector, reducing dimension
Degenerate vector, reducing dimension
Degenerate vector, reducing dimension
Degenerate vector, reducing dimension
Degenerate vector, reducing dimension
Degenerate vector, reducing dimension
Degenerate vector, reducing dimension
Degenerate vector, reducing dimension
Degenerate vector, reducing dimension
Degenerate vector, reducing dimension
Degenerate vector, reducing dimension
Degenerate vector, reducing dimension
Degenerate vector, reducing dimension
Degenerate vector, reducing dimension
Degenerate vector, reducing dimension
Degenerate vector, reducing dimension
Degenerate vector, reducing dimension
Degenerate vector, reducing dimension
Degenerate vector, reducing dimension
Degenerate vector, reducing dimension
Degenerate vector, reducing dimension
Degenerate vector, reducing dimension
Degenerate vector, reducing dimension
Degenerate vector, reducing dimension
Degenerate vector, reducing dimension
Degenerate vector, reducing dimension
Degenerate vector, reducing dimension
Degenerate vector, reducing dimension
Degenerate vector, reducing dimension
Degenerate vector, reducing dimension
Degenerate vector, reducing dimension
Degenerate vector, reducing dimension
Degenerate vector, reducing dimension
Degenerate vector, reducing dimension
Degenerate vector, reducing dimension
Degenerate vector, reducing dimension
Degenerate vector, reducing dimension
Degenerate vector, reducing dimension
Degenerate vector, reducing dimension
Degenerate vector, reducing dimension
Degenerate vector, reducing dimension
Degenerate vector, reducing dimension
Degenerate vector, reducing dimension
Degenerate vector, reducing dimension
Degenerate vector, reducing dimension
Degenerate vector, reducing dimension
Degenerate vector, reducing dimension
Degenerate vector, reducing dimension
Degenerate vector, reducing dimension
Degenerate vector, reducing dimension
Degenerate vector, reducing dimension
Degenerate vector, reducing dimension
Degenerate vector, reducing dimension
Degenerate vector, reducing dimension
Degenerate vector, reducing dimension
Degenerate vector, reducing dimension
Degenerate vector, reducing dimension
Degenerate vector, reducing dimension
Degenerate vector, reducing dimension
Degenerate vector, reducing dimension
Degenerate vector, reducing dimension
Degenerate vector, reducing dimension
Degenerate vector, reducing dimension
Degenerate vector, reducing dimension
Degenerate vector, reducing dimension
Degenerate vector, reducing dimension
Degenerate vector, reducing dimension
Degenerate vector, reducing dimension
Degenerate vector, reducing dimension
Degenerate vector, reducing dimension
Degenerate vector, reducing dimension
Degenerate vector, reducing dimension
cost: 0.06
cost: 0.05
Degenerate vector, reducing dimension
cost: 0.06
cost: 0.08
Degenerate vector, reducing dimension
Degenerate vector, reducing dimension
Degenerate vector, reducing dimension
Degenerate vector, reducing dimension
Degenerate vector, reducing dimension
Degenerate vector, reducing dimension
Degenerate vector, reducing dimension
Degenerate vector, reducing dimension
Degenerate vector, reducing dimension
Degenerate vector, reducing dimension
Degenerate vector, reducing dimension
Degenerate vector, reducing dimension
Degenerate vector, reducing dimension
Degenerate vector, reducing dimension
Degenerate vector, reducing dimension
Degenerate vector, reducing dimension
Degenerate vector, reducing dimension
Degenerate vector, reducing dimension
Degenerate vector, reducing dimension
Degenerate vector, reducing dimension
Degenerate vector, reducing dimension
Degenerate vector, reducing dimension
Degenerate vector, reducing dimension
Degenerate vector, reducing dimension
Degenerate vector, reducing dimension
Degenerate vector, reducing dimension
Degenerate vector, reducing dimension
Degenerate vector, reducing dimension
Degenerate vector, reducing dimension
Degenerate vector, reducing dimension
Degenerate vector, reducing dimension
Degenerate vector, reducing dimension
Degenerate vector, reducing dimension
Degenerate vector, reducing dimension
Degenerate vector, reducing dimension
Degenerate vector, reducing dimension
Degenerate vector, reducing dimension
Degenerate vector, reducing dimension
Degenerate vector, reducing dimension
Degenerate vector, reducing dimension
Degenerate vector, reducing dimension
Degenerate vector, reducing dimension
Degenerate vector, reducing dimension
Degenerate vector, reducing dimension
Degenerate vector, reducing dimension
Degenerate vector, reducing dimension
Degenerate vector, reducing dimension
Degenerate vector, reducing dimension
Degenerate vector, reducing dimension
Degenerate vector, reducing dimension
Degenerate vector, reducing dimension
Degenerate vector, reducing dimension
Degenerate vector, reducing dimension
Degenerate vector, reducing dimension
Degenerate vector, reducing dimension
Degenerate vector, reducing dimension
Degenerate vector, reducing dimension
Degenerate vector, reducing dimension
Degenerate vector, reducing dimension
Degenerate vector, reducing dimension
Degenerate vector, reducing dimension
Degenerate vector, reducing dimension
Degenerate vector, reducing dimension
Degenerate vector, reducing dimension
Degenerate vector, reducing dimension
Degenerate vector, reducing dimension
Degenerate vector, reducing dimension
Degenerate vector, reducing dimension
Degenerate vector, reducing dimension
Degenerate vector, reducing dimension
Degenerate vector, reducing dimension
Degenerate vector, reducing dimension
Degenerate vector, reducing dimension
Degenerate vector, reducing dimension
Degenerate vector, reducing dimension
Degenerate vector, reducing dimension
Degenerate vector, reducing dimension
Degenerate vector, reducing dimension
cost: 0.10
Traceback (most recent call last):
  File "/gpfs/commons/groups/gursoy_lab/aelhussein/ot_cost/otcost_fl_rebase/code/lambda_param/lambda_param.py", line 455, in <module>
    isic()
  File "/gpfs/commons/groups/gursoy_lab/aelhussein/ot_cost/otcost_fl_rebase/code/lambda_param/lambda_param.py", line 450, in main
    credit()
  File "/gpfs/commons/groups/gursoy_lab/aelhussein/ot_cost/otcost_fl_rebase/code/lambda_param/lambda_param.py", line 314, in cifar
    data= pickle.load(f)
TypeError: sampler() missing 1 required positional argument: 'num_samples'
