cost: 0.43
cost: 0.18
cost: 0.60
cost: 0.47
cost: 0.63
cost: 0.11
cost: 0.32
cost: 0.43
cost: 0.58
cost: 0.58
cost: 0.59
cost: 0.19
cost: 0.32
cost: 0.47
cost: 0.43
cost: 0.51
cost: 0.62
cost: 0.65
cost: 0.52
cost: 0.53
cost: 0.57
cost: 0.61
cost: 0.40
cost: 0.40
cost: 0.47
cost: 0.30
cost: 0.52
cost: 0.56
cost: 0.59
cost: 0.56
cost: 0.62
cost: 0.42
cost: 0.42
cost: 0.42
cost: 0.34
cost: 0.36
cost: 0.18
cost: 0.43
cost: 0.19
cost: 0.49
cost: 0.37
cost: 0.10
cost: 0.52
cost: 0.42
cost: 0.51
cost: 0.23
cost: 0.27
cost: 0.47
cost: 0.41
cost: 0.52
cost: 0.47
cost: 0.59
cost: 0.44
cost: 0.62
cost: 0.10
