/gpfs/commons/home/aelhussein/anaconda3/envs/torch_env/lib/python3.10/site-packages/ot/bregman.py:1112: UserWarning: Sinkhorn did not converge. You might want to increase the number of iterations `numItermax` or the regularization parameter `reg`.
  warnings.warn("Sinkhorn did not converge. You might want to "
/gpfs/commons/home/aelhussein/anaconda3/envs/torch_env/lib/python3.10/site-packages/ot/bregman.py:1112: UserWarning: Sinkhorn did not converge. You might want to increase the number of iterations `numItermax` or the regularization parameter `reg`.
  warnings.warn("Sinkhorn did not converge. You might want to "
cost: 0.18
cost: 0.14
cost: 0.24
cost: 0.30
cost: 0.18
cost: 0.29
cost: 0.29
cost: 0.31
cost: 0.22
cost: 0.23
cost: 0.32
cost: 0.15
cost: 0.30
cost: 0.17
cost: 0.12
[0.12 0.17 0.22 0.3  0.32]
[0.15 0.18 0.24 0.29 0.3 ]
[0.14 0.18 0.23 0.29 0.31]
